<?xml version="1.0" encoding="UTF-8"?>
<!-- Generated by org.testng.reporters.JUnitXMLReporter -->
<testsuite ignored="0" hostname="LAPTOP-G89GI287" failures="0" tests="5" name="Default test" time="0.111" errors="0" timestamp="2025-11-29T13:38:05 IST">
  <testcase classname="Package.StreamsList" name="StreamMap" time="0.023"/>
  <testcase classname="Package.StreamsList" name="Unique" time="0.005"/>
  <testcase classname="Package.StreamsList" name="regular" time="0.001"/>
  <testcase classname="Package.StreamsList" name="streamCollect" time="0.003"/>
  <testcase classname="Package.StreamsList" name="streamFilter" time="0.009"/>
</testsuite> <!-- Default test -->
