<?xml version="1.0" encoding="UTF-8"?>
<testng-results ignored="0" total="5" passed="5" failed="0" skipped="0">
  <reporter-output>
  </reporter-output>
  <suite started-at="2025-11-29T13:38:04 IST" name="Default suite" finished-at="2025-11-29T13:38:04 IST" duration-ms="111">
    <groups>
    </groups>
    <test started-at="2025-11-29T13:38:04 IST" name="Default test" finished-at="2025-11-29T13:38:04 IST" duration-ms="111">
      <class name="Package.StreamsList">
        <test-method signature="StreamMap()[pri:0, instance:Package.StreamsList@22ef9844]" started-at="2025-11-29T13:38:04 IST" name="StreamMap" finished-at="2025-11-29T13:38:04 IST" duration-ms="23" status="PASS">
          <reporter-output>
          </reporter-output>
        </test-method> <!-- StreamMap -->
        <test-method signature="Unique()[pri:0, instance:Package.StreamsList@22ef9844]" started-at="2025-11-29T13:38:04 IST" name="Unique" finished-at="2025-11-29T13:38:04 IST" duration-ms="5" status="PASS">
          <reporter-output>
          </reporter-output>
        </test-method> <!-- Unique -->
        <test-method signature="regular()[pri:0, instance:Package.StreamsList@22ef9844]" started-at="2025-11-29T13:38:04 IST" name="regular" finished-at="2025-11-29T13:38:04 IST" duration-ms="1" status="PASS">
          <reporter-output>
          </reporter-output>
        </test-method> <!-- regular -->
        <test-method signature="streamCollect()[pri:0, instance:Package.StreamsList@22ef9844]" started-at="2025-11-29T13:38:04 IST" name="streamCollect" finished-at="2025-11-29T13:38:04 IST" duration-ms="3" status="PASS">
          <reporter-output>
          </reporter-output>
        </test-method> <!-- streamCollect -->
        <test-method signature="streamFilter()[pri:0, instance:Package.StreamsList@22ef9844]" started-at="2025-11-29T13:38:04 IST" name="streamFilter" finished-at="2025-11-29T13:38:04 IST" duration-ms="9" status="PASS">
          <reporter-output>
          </reporter-output>
        </test-method> <!-- streamFilter -->
      </class> <!-- Package.StreamsList -->
    </test> <!-- Default test -->
  </suite> <!-- Default suite -->
</testng-results>
