<?xml version="1.0" encoding="UTF-8"?>
<!-- Generated by org.testng.reporters.JUnitReportReporter -->
<testsuite hostname="LAPTOP-G89GI287" failures="0" tests="5" name="Package.StreamsList" time="0.041" errors="0" timestamp="2025-11-29T13:38:05 IST" skipped="0">
  <testcase classname="Package.StreamsList" name="streamFilter" time="0.009"/>
  <system-out/>
  <testcase classname="Package.StreamsList" name="Unique" time="0.005"/>
  <system-out/>
  <testcase classname="Package.StreamsList" name="streamCollect" time="0.003"/>
  <system-out/>
  <testcase classname="Package.StreamsList" name="StreamMap" time="0.023"/>
  <system-out/>
  <testcase classname="Package.StreamsList" name="regular" time="0.001"/>
  <system-out/>
</testsuite> <!-- Package.StreamsList -->
